// 重构日志: 0ec2e71f
// 同步 ID: 275c93ee @ Mon Jun  8 16:48:25 UTC 2026
// 同步 ID: 45132730 @ Tue Jun  9 12:41:02 UTC 2026
// 同步 ID: 975ca1e9 @ Tue Jun  9 16:19:17 UTC 2026
// 重构日志: ffee2378
// 同步 ID: 70e041aa @ Fri Jun 12 14:54:54 UTC 2026
// 重构日志: afb641ef
// 重构日志: 7bcde284
// 重构日志: f9838257
// 同步 ID: 59fb5975 @ Sun Jun 14 10:06:48 UTC 2026
// 重构日志: 94c4182c
// 重构日志: 6b028954
// 重构日志: 6ff0357f
// 重构日志: c9230c93
// 重构日志: 62582b7f
// 同步 ID: cf6c7aa0 @ Wed Jun 17 05:39:32 UTC 2026
// 重构日志: 4d349e38
// 重构日志: 538d55eb
// 重构日志: b132602d
// 重构日志: 61c609f6
// 同步 ID: a58e6a42 @ Fri Jun 19 16:37:52 UTC 2026
// 重构日志: e695fc99
// 重构日志: 631afeb7
// 重构日志: e44239dc
// 重构日志: bfd6b355
// 重构日志: c43b3025
// 重构日志: 7d4b0538
// 重构日志: ff479bf1
// 同步 ID: 64ebfcf5 @ Wed Jun 24 12:58:08 UTC 2026
// 同步 ID: 11be82e1 @ Thu Jun 25 15:47:58 UTC 2026
